10/8/2019 6:37:17 PM	This log contains information about the import schema operation into project 'DBFeatureAgro' on computer 'SUPER-MSI' by user 'jsoto'.
10/8/2019 6:37:17 PM	Import of database schema has started.
10/8/2019 6:37:24 PM	Gathering logins
10/8/2019 6:39:44 PM	Gathering database credentials
10/8/2019 6:39:44 PM	Gathering database options
10/8/2019 6:39:44 PM	Gathering generic database scoped configuration option
10/8/2019 6:39:44 PM	Gathering users
10/8/2019 6:39:44 PM	Gathering roles
10/8/2019 6:39:44 PM	Gathering application roles
10/8/2019 6:39:44 PM	Gathering role memberships
10/8/2019 6:39:44 PM	Gathering filegroups
10/8/2019 6:39:44 PM	Gathering full-text catalogs
10/8/2019 6:39:44 PM	Gathering assemblies
10/8/2019 6:39:44 PM	Gathering certificates
10/8/2019 6:39:44 PM	Gathering symmetric keys
10/8/2019 6:39:44 PM	Gathering encrypted symmetric keys
10/8/2019 6:39:44 PM	Gathering schemas
10/8/2019 6:39:44 PM	Gathering XML schema collections
10/8/2019 6:39:44 PM	Gathering user-defined data types
10/8/2019 6:39:44 PM	Gathering user-defined types
10/8/2019 6:39:44 PM	Gathering table types
10/8/2019 6:39:44 PM	Gathering unique keys for table types
10/8/2019 6:39:44 PM	Gathering primary keys for table types
10/8/2019 6:39:44 PM	Gathering indexes for table types
10/8/2019 6:39:44 PM	Gathering check constraints for table types
10/8/2019 6:39:44 PM	Gathering default constraints for table types
10/8/2019 6:39:44 PM	Gathering partition functions
10/8/2019 6:39:44 PM	Gathering partition schemes
10/8/2019 6:39:44 PM	Gathering functions
10/8/2019 6:39:44 PM	Gathering encrypted functions
10/8/2019 6:39:44 PM	Gathering aggregates
10/8/2019 6:39:44 PM	Gathering procedures
10/8/2019 6:39:44 PM	Gathering encrypted procedures
10/8/2019 6:39:44 PM	Gathering tables
10/8/2019 6:39:45 PM	Gathering primary keys
10/8/2019 6:39:45 PM	Gathering unique constraints
10/8/2019 6:39:45 PM	Gathering foreign keys
10/8/2019 6:39:45 PM	Gathering default constraints
10/8/2019 6:39:45 PM	Gathering check constraints
10/8/2019 6:39:45 PM	Gathering views
10/8/2019 6:39:45 PM	Gathering encrypted views
10/8/2019 6:39:45 PM	Gathering indexes
10/8/2019 6:39:45 PM	Gathering statistics
10/8/2019 6:39:45 PM	Gathering full-text index stoplists
10/8/2019 6:39:45 PM	Gathering search property lists
10/8/2019 6:39:45 PM	Gathering search properties
10/8/2019 6:39:45 PM	Gathering full-text indexes
10/8/2019 6:39:45 PM	Gathering column store indexes
10/8/2019 6:39:45 PM	Gathering spatial indexes
10/8/2019 6:39:45 PM	Gathering XML indexes
10/8/2019 6:39:45 PM	Gathering Selective XML indexes
10/8/2019 6:39:45 PM	Gathering encrypted triggers
10/8/2019 6:39:45 PM	Gathering triggers
10/8/2019 6:39:45 PM	Gathering encrypted and clr ddl triggers
10/8/2019 6:39:45 PM	Gathering ddl triggers
10/8/2019 6:39:45 PM	Gathering synonyms
10/8/2019 6:39:45 PM	Gathering defaults
10/8/2019 6:39:45 PM	Gathering data constraint uddt bindings
10/8/2019 6:39:45 PM	Gathering rules
10/8/2019 6:39:45 PM	Gathering data constraint uddt bindings
10/8/2019 6:39:46 PM	Gathering message types
10/8/2019 6:39:46 PM	Gathering queues
10/8/2019 6:39:46 PM	Gathering contracts
10/8/2019 6:39:46 PM	Gathering services
10/8/2019 6:39:46 PM	Gathering event notifications
10/8/2019 6:39:46 PM	Gathering remote service bindings
10/8/2019 6:39:46 PM	Gathering broker priorities
10/8/2019 6:39:46 PM	Gathering signatures
10/8/2019 6:39:46 PM	Gathering data compression options
10/8/2019 6:39:46 PM	Gathering sequence types
10/8/2019 6:39:46 PM	Gathering security policies
10/8/2019 6:39:46 PM	Gather column encryption keys
10/8/2019 6:39:46 PM	Gathering column master keys
10/8/2019 6:39:46 PM	Gathering external data sources
10/8/2019 6:39:46 PM	Gathering external tables
10/8/2019 6:39:46 PM	Gathering extended properties
10/8/2019 6:39:48 PM	Gathering logins
10/8/2019 6:39:50 PM	Scanning project for duplicate elements
10/8/2019 6:39:50 PM	Finished duplicate element processing
10/8/2019 6:39:50 PM	Finished importing database.
10/8/2019 6:39:50 PM	A summary of the import was saved to the following location: D:\FuentesTFS\FeatureAgro\DevOps Labs\Tutorial\DBFeatureAgro\Import Schema Logs\DBFeatureAgro_20191008113717.log
10/8/2019 6:39:50 PM	Click Finish to continue...
